C51 COMPILER V9.60.7.0   PWM                                                               04/28/2025 18:02:13 PAGE 1   


C51 COMPILER V9.60.7.0, COMPILATION OF MODULE PWM
OBJECT MODULE PLACED IN .\Release\Objects\pwm.obj
COMPILER INVOKED BY: C:\Keil_v5\C51\BIN\C51.EXE ..\..\User\pwm.c LARGE OPTIMIZE(8,SPEED) BROWSE INTVECTOR(0X000C) INCDIR
                    -(..\..\Libraries\Include;..\..\User) INTERVAL(3) DEBUG OBJECTEXTEND PRINT(.\Release\Listings\pwm.lst) OBJECT(.\Release\O
                    -bjects\pwm.obj)

line level    source

   1          #include "pwm.h"
   2          #include "time0.h"
   3          
   4          volatile u16 c_duty = 0;         // å½“å‰è®¾ç½®çš„å ç©ºæ¯”
   5          volatile u16 adjust_duty = 6000; // æœ€ç»ˆè¦è°ƒèŠ‚æˆçš„å ç©ºæ¯”
   6          volatile u16 max_pwm_duty = 6000; // å­˜æ”¾å ç©ºæ¯”çš„ä¸Šé™å€¼
   7          // bit jump_flag = 0;
   8          // bit max_flag = 0; // æœ€å¤§å ç©ºæ¯”çš„æ ‡å¿—ä½
   9          
  10          // extern volatile bit flag_is_pin_9_vol_bounce; // æ ‡å¿—ä½ï¼Œ9è„šç”µå‹æ˜¯å¦å‘ç”Ÿäº†è·³åŠ¨ï¼ˆæ˜¯å¦å›
             - ä¸ºå‘åŠ¨æœºåŠŸç‡ä¸ç¨³å®šå¯¼è‡´è·³åŠ¨ï¼‰
  11          
  12          void pwm_init(void)
  13          {
  14   1          STMR_CNTCLR |= STMR_0_CNT_CLR(0x1);
  15   1      #define STMR0_PEROID_VAL (SYSCLK / 8000 - 1)
  16   1          STMR0_PSC = STMR_PRESCALE_VAL(0x07);
  17   1          STMR0_PRH = STMR_PRD_VAL_H((STMR0_PEROID_VAL >> 8) & 0xFF);
  18   1          STMR0_PRL = STMR_PRD_VAL_L((STMR0_PEROID_VAL >> 0) & 0xFF);
  19   1          STMR0_CMPAH = STMR_CMPA_VAL_H(((0) >> 8) & 0xFF); // æ¯”è¾ƒå€¼
  20   1          STMR0_CMPAL = STMR_CMPA_VAL_L(((0) >> 0) & 0xFF); // æ¯”è¾ƒå€¼
  21   1          STMR_PWMVALA |= STMR_0_PWMVALA(0x1);
  22   1      
  23   1          STMR_CNTMD |= STMR_0_CNT_MODE(0x1); // è¿ç»­è®¡æ•°æ¨¡å¼
  24   1          STMR_LOADEN |= STMR_0_LOAD_EN(0x1); // è‡ªåŠ¨è£…è½½ä½¿èƒ½
  25   1          STMR_CNTCLR |= STMR_0_CNT_CLR(0x1); //
  26   1          STMR_CNTEN |= STMR_0_CNT_EN(0x1);   // ä½¿èƒ½
  27   1          STMR_PWMEN |= STMR_0_PWM_EN(0x1);   // PWMè¾“å‡ºä½¿èƒ½
  28   1          P1_MD1 &= ~GPIO_P16_MODE_SEL(0x03);
  29   1          P1_MD1 |= GPIO_P16_MODE_SEL(0x01);
  30   1          P1_MD1 &= ~GPIO_P14_MODE_SEL(0x03);
  31   1          P1_MD1 |= GPIO_P14_MODE_SEL(0x01);
  32   1          FOUT_S14 = GPIO_FOUT_AF_FUNC;      // AFåŠŸèƒ½è¾“å‡º
  33   1          FOUT_S16 = GPIO_FOUT_STMR0_PWMOUT; // stmr0_pwmout
  34   1      }
  35          
  36          // 14è„šçš„PWMè°ƒèŠ‚
  37          void set_pwm_duty(void)
  38          {
  39   1          STMR0_CMPAH = STMR_CMPA_VAL_H(((c_duty) >> 8) & 0xFF); // æ¯”è¾ƒå€¼
  40   1          STMR0_CMPAL = STMR_CMPA_VAL_L(((c_duty) >> 0) & 0xFF); // æ¯”è¾ƒå€¼
  41   1          STMR_LOADEN |= STMR_0_LOAD_EN(0x1);                    // è‡ªåŠ¨è£…è½½ä½¿èƒ½
  42   1      }
  43          
  44          static u16 t_count = 0;
  45          static u16 t_adc_max = 0; 
  46          static u16 t_adc_min = 4096;
  47          static u8 over_drive_status = 0;
  48          #define OVER_DRIVE_RESTART_TIME (30) 
  49          
  50          static volatile u16 filter_buff_2[270] = {0}; // ç”¨äºæ»¤æ³¢çš„æ•°ç»„
  51          static volatile u16 buff_index_2 = 0;// ç”¨äºæ»¤æ³¢çš„æ•°ç»„ä¸‹æ ‡
  52          
C51 COMPILER V9.60.7.0   PWM                                                               04/28/2025 18:02:13 PAGE 2   

  53          // ç”µæºç”µå‹ä½äº170V-AC,å¯åŠ¨ä½å‹ä¿æŠ¤ï¼Œç”µæºç”µå‹é«˜äº170V-ACï¼Œå…³é—­ä½å‹ä¿æŠ¤
  54          // æ¸©åº¦æ­£å¸¸ï¼Œæ‰ä¼šè¿›å…¥åˆ°è¿™é‡Œ
  55          void according_pin9_to_adjust_pwm(void)
  56          {
  57   1      #define ADC_DEAD_ZONE_NEAR_170VAC (30) // 170VACé™„è¿‘çš„adå€¼æ­»åŒº
  58   1          static volatile u16 filter_buff[32] = {
  59   1              0xFFFF,
  60   1          };
  61   1          static volatile u8 buff_index = 0;
  62   1          static volatile u8 flag_is_sub_power = 0;  // æ ‡å¿—ä½ï¼Œæ˜¯å¦è¦è¿ç»­å‡åŠŸç‡
  63   1          static volatile u8 flag_is_sub_power2 = 0; // æ ‡å¿—ä½ï¼Œæ˜¯å¦è¦è¿ç»­å‡åŠŸç‡
  64   1          static volatile bit flag_is_add_power = 0; // æ ‡å¿—ä½ï¼Œæ˜¯å¦è¦è¿ç»­å¢åŠŸç‡
  65   1      
  66   1          volatile u32 adc_pin_9_avg = 0; // å­˜æ”¾å¹³å‡å€¼
  67   1      
  68   1          if (filter_buff[0] == 0xFFFF) // å¦‚æœæ˜¯ç¬¬ä¸€æ¬¡æ£€æµ‹ï¼Œè®©æ•°ç»„å†…æ‰€æœ‰å…ƒç´ éƒ½å˜ä¸ºç¬¬ä¸€æ¬¡
             -é‡‡é›†çš„æ•°æ®ï¼Œæ–¹ä¾¿å¿«é€Ÿä½œå‡ºå˜åŒ–
  69   1          {
  70   2              u16 i = 0;
  71   2              for (; i < ARRAY_SIZE(filter_buff); i++)
  72   2              {
  73   3                  filter_buff[i] = adc_val_pin_9;
  74   3              }
  75   2              for (i = 0; i < 270; i++)
  76   2              {
  77   3                  filter_buff_2[i] = adc_val_pin_9;
  78   3              }
  79   2          }
  80   1          else
  81   1          {
  82   2              u16 temp = filter_buff[buff_index];
  83   2              temp += adc_val_pin_9;
  84   2              temp >>= 1;
  85   2              filter_buff[buff_index] = temp;
  86   2              buff_index++;
  87   2              if (buff_index >= ARRAY_SIZE(filter_buff))
  88   2              {
  89   3                  buff_index = 0;
  90   3              }
  91   2          }
  92   1      
  93   1          { // å–å‡ºæ•°ç»„å†…çš„æ•°æ®ï¼Œè®¡ç®—å¹³å‡å€¼
  94   2              u16 i = 0;
  95   2              for (; i < ARRAY_SIZE(filter_buff); i++)
  96   2              {
  97   3                  adc_pin_9_avg += filter_buff[i];
  98   3              }
  99   2      
 100   2              // adc_pin_9_avg /= ARRAY_SIZE(filter_buff);
 101   2              adc_pin_9_avg >>= 5;
 102   2          } // å–å‡ºæ•°ç»„å†…çš„æ•°æ®ï¼Œè®¡ç®—å¹³å‡å€¼
 103   1      
 104   1          // åœ¨å‰é¢æ»¤æ³¢çš„åŸºç¡€ä¸Šå†è¿›è¡Œä¸€æ¬¡æ»¤æ³¢
 105   1          filter_buff_2[buff_index_2] = adc_pin_9_avg;
 106   1          buff_index_2++;
 107   1          if (buff_index_2 >= 270)
 108   1          {
 109   2              buff_index_2 = 0;
 110   2          }
 111   1      
 112   1      #if USE_MY_DEBUG
                  printf(",b=%lu,", adc_pin_9_avg);
C51 COMPILER V9.60.7.0   PWM                                                               04/28/2025 18:02:13 PAGE 3   

              #endif
 115   1      
 116   1          // if (adc_pin_9_avg > t_adc_max)
 117   1          //     t_adc_max = adc_pin_9_avg;
 118   1          // if (adc_pin_9_avg < t_adc_min)
 119   1          //     t_adc_min = adc_pin_9_avg;
 120   1          // if (t_count < 270)
 121   1          // {
 122   1          //     t_count++;
 123   1          //     if (t_count == 270)
 124   1          //     {
 125   1          //         if ((t_adc_max - t_adc_min) > 80 && t_adc_max > 2228)
 126   1          //         { // ç”µå‹æ³¢åŠ¨
 127   1          //             over_drive_status = OVER_DRIVE_RESTART_TIME;
 128   1          //         }
 129   1          //         else
 130   1          //         {
 131   1          //             if (over_drive_status)
 132   1          //                 over_drive_status--;
 133   1          //         }
 134   1          //         t_count = 0;
 135   1          //         t_adc_max = 0;
 136   1          //         t_adc_min = 4096;
 137   1          //     }
 138   1          // }
 139   1          {
 140   2              u16 i = 0;
 141   2              t_adc_max = 0;
 142   2              t_adc_min = 4096;
 143   2              for (; i < 270; i++)
 144   2              {
 145   3                  if (filter_buff_2[i] > t_adc_max)
 146   3                      t_adc_max = filter_buff_2[i];
 147   3                  if (filter_buff_2[i] < t_adc_min)
 148   3                      t_adc_min = filter_buff_2[i];
 149   3                  if ((t_adc_max - t_adc_min) > 80)
 150   3                  { // ç”µå‹æ³¢åŠ¨
 151   4                      over_drive_status = OVER_DRIVE_RESTART_TIME;
 152   4                  }
 153   3                  else
 154   3                  {
 155   4                      if (over_drive_status)
 156   4                          over_drive_status--;
 157   4                  }
 158   3              }
 159   2          }
 160   1      
 161   1          if (adc_pin_9_avg >= (1645 /*1475*/ + ADC_DEAD_ZONE_NEAR_170VAC) || (flag_is_add_power && adc_pin_9_av
             -g > (1645 /*1475*/ + ADC_DEAD_ZONE_NEAR_170VAC))) // å¤§äº 170VAC
 162   1          {
 163   2              // å¤§äº170VACï¼Œæ¢å¤100%å ç©ºæ¯”ï¼Œä½†æ˜¯ä¼˜å…ˆçº§æ¯” "9è„šç”µå‹æ£€æµ‹åˆ°å‘é€æœºåŠŸç‡ä¸ç
             -¨³å®šï¼Œè¿›è€Œé™åŠŸç‡" ä½
 164   2              flag_is_sub_power = 0;
 165   2              flag_is_sub_power2 = 0;
 166   2              flag_is_add_power = 1;
 167   2      #if 0
                      // åˆ¤æ–­æ˜¯å¦å˜åŒ–PWM
                      if (adc_pin_9_avg > ADC_VAL_WHEN_UNSTABLE) // 9è„šç”µå‹è¶…è¿‡ä¸ç¨³å®šé˜ˆå€¼å¯¹åº”çš„ç”µå‹
                      {
                          if (flag_is_pwm_sub_time_comes) // pwmå ç©ºæ¯”é€’å‡æ—¶é—´åˆ°æ¥
                          {
                              flag_is_pwm_sub_time_comes = 0;
C51 COMPILER V9.60.7.0   PWM                                                               04/28/2025 18:02:13 PAGE 4   

                              // è¿‡è½½ pwm--
                              // if (adjust_duty > PWM_DUTY_50_PERCENT)
                              if (adjust_duty > PWM_DUTY_30_PERCENT)
                              {
                                  adjust_duty -= 1;
                              }
                              else
                              {
                                  // adjust_duty = PWM_DUTY_50_PERCENT;
                                  adjust_duty = PWM_DUTY_30_PERCENT;
                              }
                          }
                      }
                      else if (adc_pin_9_avg < (ADC_VAL_WHEN_UNSTABLE - 50))
                      {
                          // æœªæ»¡è½½ pwm++
                          if (flag_is_pwm_add_time_comes) // pwmå ç©ºæ¯”é€’å¢æ—¶é—´åˆ°æ¥
                          {
                              flag_is_pwm_add_time_comes = 0;
                              if (adjust_duty < 6000)
                              {
                                  adjust_duty++;
                              }
                          }
                      }
              #else
 200   2              if (over_drive_status == OVER_DRIVE_RESTART_TIME) // 9è„šç”µå‹è¶…è¿‡ä¸ç¨³å®šé˜ˆå€¼å¯¹åº”çš„ç”µå
             -‹
 201   2              {
 202   3                  over_drive_status -= 1;
 203   3                  if (adjust_duty > PWM_DUTY_50_PERCENT)
 204   3                      // adjust_duty -= 300; // å˜åŒ–å¤ªå¤§ï¼Œä¼šé€ æˆç¯å…‰é—ªçƒ
 205   3                      adjust_duty -= 1;
 206   3                  if (adjust_duty < PWM_DUTY_50_PERCENT)
 207   3                      adjust_duty = PWM_DUTY_50_PERCENT;
 208   3              }
 209   2              else if (over_drive_status == 0)
 210   2              {
 211   3                  // æœªæ»¡è½½ pwm++
 212   3                  if (flag_is_pwm_add_time_comes) // pwmå ç©ºæ¯”é€’å¢æ—¶é—´åˆ°æ¥
 213   3                  {
 214   4                      flag_is_pwm_add_time_comes = 0;
 215   4                      if (adjust_duty < 6000)
 216   4                      {
 217   5                          adjust_duty++;
 218   5                      }
 219   4                  }
 220   3              }
 221   2      #endif
 222   2          }
 223   1          else if (adc_pin_9_avg > (1475) && (adc_pin_9_avg <= (1645 /*1475*/) || flag_is_sub_power == 4)) // å°
             -äº 170VAC
 224   1          {
 225   2              // é”å®šæœ€å¤§çš„å ç©ºæ¯”ä¸º50%ï¼Œå¹¶ä¸”ç»™ç›¸åº”æ ‡å¿—ä½ç½®ä¸€
 226   2              if (flag_is_pwm_sub_time_comes) // pwmå ç©ºæ¯”é€’å‡æ—¶é—´åˆ°æ¥
 227   2              {
 228   3                  flag_is_pwm_sub_time_comes = 0;
 229   3                  // if (flag_is_sub_power == 0)
 230   3                  //     flag_is_sub_power = 1;
 231   3                  // else if (flag_is_sub_power == 1)
 232   3                  //     flag_is_sub_power = 2;
 233   3                  if (flag_is_sub_power < 4)
C51 COMPILER V9.60.7.0   PWM                                                               04/28/2025 18:02:13 PAGE 5   

 234   3                      flag_is_sub_power++;
 235   3      
 236   3                  flag_is_sub_power2 = 0;
 237   3                  flag_is_add_power = 0;
 238   3      
 239   3                  if (adjust_duty > PWM_DUTY_50_PERCENT)
 240   3                  // if (adjust_duty > PWM_DUTY_30_PERCENT)
 241   3                  {
 242   4                      adjust_duty -= 2;
 243   4                  }
 244   3                  else if (adjust_duty < PWM_DUTY_50_PERCENT)
 245   3                  {
 246   4                      adjust_duty++;
 247   4                  }
 248   3                  else
 249   3                  {
 250   4                      adjust_duty = PWM_DUTY_50_PERCENT;
 251   4                  }
 252   3              }
 253   2          }
 254   1          else if (adc_pin_9_avg <= (1475) || (flag_is_sub_power2)) // å°äº 170VAC
 255   1          {
 256   2              // é”å®šæœ€å¤§çš„å ç©ºæ¯”ä¸º50%ï¼Œå¹¶ä¸”ç»™ç›¸åº”æ ‡å¿—ä½ç½®ä¸€
 257   2              if (flag_is_pwm_sub_time_comes) // pwmå ç©ºæ¯”é€’å‡æ—¶é—´åˆ°æ¥
 258   2              {
 259   3                  flag_is_pwm_sub_time_comes = 0;
 260   3                  // if (flag_is_sub_power2 < 4)
 261   3                  //     flag_is_sub_power2++;
 262   3      
 263   3                  flag_is_sub_power2 = 1;
 264   3                  flag_is_sub_power = 0;
 265   3                  flag_is_add_power = 0;
 266   3      
 267   3                  // if (adjust_duty > PWM_DUTY_50_PERCENT)
 268   3                  if (adjust_duty > PWM_DUTY_30_PERCENT)
 269   3                  {
 270   4                      adjust_duty -= 2;
 271   4                  }
 272   3                  else
 273   3                  {
 274   4                      // adjust_duty = PWM_DUTY_50_PERCENT;
 275   4                      adjust_duty = PWM_DUTY_30_PERCENT;
 276   4                  }
 277   3              }
 278   2          }
 279   1      }
 280          
 281          // æ ¹æ®9è„šçš„ç”µå‹æ¥è®¾å®š16è„šçš„ç”µå¹³ï¼ˆè¿‡å‹ä¿æŠ¤ï¼‰
 282          void according_pin9_to_adjust_pin16(void)
 283          {
 284   1          // å½“9è„šç”µå‹é«˜äº 3.6 Væ—¶ï¼Œ16è„šè¾“å‡º1KHz é«˜ç”µå¹³,ç”¨äºæ§åˆ¶Q2çš„å¯¼é€šï¼ˆç”¨äºå…³æœºï¼‰ã
             -€‚
 285   1          // if (adc_val_pin_9 >= 3511)
 286   1          // {
 287   1          //     P14 = 1;
 288   1          // }
 289   1          // else if (adc_val_pin_9 <= 3511 - 40)
 290   1          {
 291   2              P14 = 0;
 292   2          }
 293   1      }
 294          
C51 COMPILER V9.60.7.0   PWM                                                               04/28/2025 18:02:13 PAGE 6   

 295          // ç¼“æ…¢è°ƒèŠ‚å ç©ºæ¯”ï¼ˆç¼“æ…¢æå‡å’Œç¼“æ…¢ä¸‹é™ï¼‰
 296          void Adaptive_Duty(void)
 297          {
 298   1      #if 0  // ç¼“æ…¢è°ƒèŠ‚å ç©ºæ¯”çš„ç‰ˆæœ¬ï¼š
                  if (c_duty > adjust_duty)
                  {
                      c_duty--;
                  }
                  if (c_duty < adjust_duty)
                  {
                      c_duty++;
                  }
                  set_pwm_duty(); // å‡½æ•°å†…éƒ¨ä¼šå°† c_duty çš„å€¼ä»£å…¥ç›¸å…³å¯„å­˜å™¨ä¸­
              
                  if (c_duty >= 5800)
                  {
              
                      // delay_ms(15); // æ—¶é—´è¿˜éœ€è¦æµ‹è¯•è°ƒæ•´ä¸€ä¸‹
                      delay_ms(7);
                  }
                  else
                  {
                      // delay_ms(5);
                      delay_ms(3);
                  }
              #endif // ç¼“æ…¢è°ƒèŠ‚å ç©ºæ¯”çš„ç‰ˆæœ¬
 321   1      
 322   1      #if 1 // ç«‹å³è°ƒèŠ‚å ç©ºæ¯”çš„ç‰ˆæœ¬ï¼š
 323   1      
 324   1          c_duty = adjust_duty;
 325   1          set_pwm_duty(); // å‡½æ•°å†…éƒ¨ä¼šå°† c_duty çš„å€¼ä»£å…¥ç›¸å…³å¯„å­˜å™¨ä¸­
 326   1      
 327   1      #if USE_MY_DEBUG
                  printf(",c=%u,", c_duty);
              #endif
 330   1      
 331   1      #endif // ç«‹å³è°ƒèŠ‚å ç©ºæ¯”çš„ç‰ˆæœ¬
 332   1      }
 333          
 334          // void pwm_adjust(void)
 335          // {
 336          
 337          // }


MODULE INFORMATION:   STATIC OVERLAYABLE
   CODE SIZE        =   1220    ----
   CONSTANT SIZE    =   ----    ----
   XDATA SIZE       =    622       6
   PDATA SIZE       =   ----    ----
   DATA SIZE        =   ----    ----
   IDATA SIZE       =   ----    ----
   BIT SIZE         =      1    ----
END OF MODULE INFORMATION.


C51 COMPILATION COMPLETE.  0 WARNING(S),  0 ERROR(S)
